{"C:\\Users\\Oluwaremi.REMI\\Desktop\\hackerbay-interview-backend-task\\dist\\app.js":{"path":"C:\\Users\\Oluwaremi.REMI\\Desktop\\hackerbay-interview-backend-task\\dist\\app.js","s":{"1":1,"2":1,"3":1,"4":1,"5":1,"6":1,"7":1,"8":1,"9":1,"10":1,"11":1,"12":1,"13":5,"14":1,"15":1,"16":1,"17":1,"18":1,"19":1,"20":1,"21":1,"22":1,"23":0,"24":1,"25":0,"26":1,"27":1},"b":{"1":[1,4],"2":[5,5],"3":[1,1]},"f":{"1":5,"2":0,"3":0},"fnMap":{"1":{"name":"_interopRequireDefault","line":27,"loc":{"start":{"line":27,"column":0},"end":{"line":27,"column":37}}},"2":{"name":"(anonymous_2)","line":41,"loc":{"start":{"line":41,"column":13},"end":{"line":41,"column":33}}},"3":{"name":"(anonymous_3)","line":45,"loc":{"start":{"line":45,"column":13},"end":{"line":45,"column":33}}}},"statementMap":{"1":{"start":{"line":3,"column":0},"end":{"line":5,"column":3}},"2":{"start":{"line":7,"column":0},"end":{"line":7,"column":34}},"3":{"start":{"line":9,"column":0},"end":{"line":9,"column":49}},"4":{"start":{"line":11,"column":0},"end":{"line":11,"column":32}},"5":{"start":{"line":13,"column":0},"end":{"line":13,"column":47}},"6":{"start":{"line":15,"column":0},"end":{"line":15,"column":54}},"7":{"start":{"line":17,"column":0},"end":{"line":17,"column":67}},"8":{"start":{"line":19,"column":0},"end":{"line":19,"column":34}},"9":{"start":{"line":21,"column":0},"end":{"line":21,"column":47}},"10":{"start":{"line":23,"column":0},"end":{"line":23,"column":37}},"11":{"start":{"line":25,"column":0},"end":{"line":25,"column":49}},"12":{"start":{"line":27,"column":0},"end":{"line":27,"column":95}},"13":{"start":{"line":27,"column":39},"end":{"line":27,"column":93}},"14":{"start":{"line":29,"column":0},"end":{"line":29,"column":35}},"15":{"start":{"line":31,"column":0},"end":{"line":31,"column":56}},"16":{"start":{"line":32,"column":0},"end":{"line":32,"column":28}},"17":{"start":{"line":34,"column":0},"end":{"line":34,"column":38}},"18":{"start":{"line":36,"column":0},"end":{"line":36,"column":34}},"19":{"start":{"line":37,"column":0},"end":{"line":37,"column":59}},"20":{"start":{"line":38,"column":0},"end":{"line":38,"column":108}},"21":{"start":{"line":39,"column":0},"end":{"line":39,"column":27}},"22":{"start":{"line":41,"column":0},"end":{"line":43,"column":3}},"23":{"start":{"line":42,"column":2},"end":{"line":42,"column":55}},"24":{"start":{"line":45,"column":0},"end":{"line":47,"column":3}},"25":{"start":{"line":46,"column":2},"end":{"line":46,"column":62}},"26":{"start":{"line":49,"column":0},"end":{"line":49,"column":28}},"27":{"start":{"line":51,"column":0},"end":{"line":51,"column":22}}},"branchMap":{"1":{"line":27,"type":"cond-expr","locations":[{"start":{"line":27,"column":70},"end":{"line":27,"column":73}},{"start":{"line":27,"column":76},"end":{"line":27,"column":92}}]},"2":{"line":27,"type":"binary-expr","locations":[{"start":{"line":27,"column":46},"end":{"line":27,"column":49}},{"start":{"line":27,"column":53},"end":{"line":27,"column":67}}]},"3":{"line":31,"type":"binary-expr","locations":[{"start":{"line":31,"column":16},"end":{"line":31,"column":46}},{"start":{"line":31,"column":50},"end":{"line":31,"column":54}}]}}},"C:\\Users\\Oluwaremi.REMI\\Desktop\\hackerbay-interview-backend-task\\dist\\routes\\index.js":{"path":"C:\\Users\\Oluwaremi.REMI\\Desktop\\hackerbay-interview-backend-task\\dist\\routes\\index.js","s":{"1":1,"2":1,"3":1,"4":1,"5":1,"6":1,"7":2,"8":1,"9":1,"10":1,"11":1},"b":{"1":[2,0],"2":[2,2]},"f":{"1":2,"2":1},"fnMap":{"1":{"name":"_interopRequireDefault","line":15,"loc":{"start":{"line":15,"column":0},"end":{"line":15,"column":37}}},"2":{"name":"router","line":17,"loc":{"start":{"line":17,"column":13},"end":{"line":17,"column":34}}}},"statementMap":{"1":{"start":{"line":3,"column":0},"end":{"line":5,"column":3}},"2":{"start":{"line":7,"column":0},"end":{"line":7,"column":43}},"3":{"start":{"line":9,"column":0},"end":{"line":9,"column":43}},"4":{"start":{"line":11,"column":0},"end":{"line":11,"column":45}},"5":{"start":{"line":13,"column":0},"end":{"line":13,"column":57}},"6":{"start":{"line":15,"column":0},"end":{"line":15,"column":95}},"7":{"start":{"line":15,"column":39},"end":{"line":15,"column":93}},"8":{"start":{"line":17,"column":0},"end":{"line":20,"column":2}},"9":{"start":{"line":18,"column":2},"end":{"line":18,"column":93}},"10":{"start":{"line":19,"column":2},"end":{"line":19,"column":104}},"11":{"start":{"line":22,"column":0},"end":{"line":22,"column":25}}},"branchMap":{"1":{"line":15,"type":"cond-expr","locations":[{"start":{"line":15,"column":70},"end":{"line":15,"column":73}},{"start":{"line":15,"column":76},"end":{"line":15,"column":92}}]},"2":{"line":15,"type":"binary-expr","locations":[{"start":{"line":15,"column":46},"end":{"line":15,"column":49}},{"start":{"line":15,"column":53},"end":{"line":15,"column":67}}]}}},"C:\\Users\\Oluwaremi.REMI\\Desktop\\hackerbay-interview-backend-task\\dist\\middlewares\\auth.js":{"path":"C:\\Users\\Oluwaremi.REMI\\Desktop\\hackerbay-interview-backend-task\\dist\\middlewares\\auth.js","s":{"1":1,"2":1,"3":1,"4":1,"5":1,"6":1,"7":2,"8":1,"9":1,"10":0,"11":0,"12":0,"13":0,"14":0,"15":0,"16":0,"17":0,"18":0,"19":0,"20":0,"21":0,"22":0,"23":0,"24":0,"25":0,"26":1},"b":{"1":[0,2],"2":[2,2],"3":[0,0],"4":[0,0],"5":[0,0],"6":[0,0],"7":[0,0],"8":[0,0]},"f":{"1":2,"2":0,"3":0,"4":0},"fnMap":{"1":{"name":"_interopRequireDefault","line":15,"loc":{"start":{"line":15,"column":0},"end":{"line":15,"column":37}}},"2":{"name":"loginAuth","line":20,"loc":{"start":{"line":20,"column":13},"end":{"line":20,"column":48}}},"3":{"name":"allowAccess","line":38,"loc":{"start":{"line":38,"column":15},"end":{"line":38,"column":52}}},"4":{"name":"(anonymous_4)","line":45,"loc":{"start":{"line":45,"column":67},"end":{"line":45,"column":91}}}},"statementMap":{"1":{"start":{"line":3,"column":0},"end":{"line":5,"column":3}},"2":{"start":{"line":7,"column":0},"end":{"line":7,"column":44}},"3":{"start":{"line":9,"column":0},"end":{"line":9,"column":59}},"4":{"start":{"line":11,"column":0},"end":{"line":11,"column":32}},"5":{"start":{"line":13,"column":0},"end":{"line":13,"column":47}},"6":{"start":{"line":15,"column":0},"end":{"line":15,"column":95}},"7":{"start":{"line":15,"column":39},"end":{"line":15,"column":93}},"8":{"start":{"line":17,"column":0},"end":{"line":17,"column":26}},"9":{"start":{"line":19,"column":0},"end":{"line":53,"column":2}},"10":{"start":{"line":21,"column":4},"end":{"line":23,"column":5}},"11":{"start":{"line":22,"column":6},"end":{"line":22,"column":66}},"12":{"start":{"line":25,"column":4},"end":{"line":27,"column":5}},"13":{"start":{"line":26,"column":6},"end":{"line":26,"column":68}},"14":{"start":{"line":29,"column":4},"end":{"line":31,"column":5}},"15":{"start":{"line":30,"column":6},"end":{"line":30,"column":66}},"16":{"start":{"line":33,"column":4},"end":{"line":35,"column":5}},"17":{"start":{"line":34,"column":6},"end":{"line":34,"column":68}},"18":{"start":{"line":36,"column":4},"end":{"line":36,"column":18}},"19":{"start":{"line":39,"column":4},"end":{"line":39,"column":46}},"20":{"start":{"line":41,"column":4},"end":{"line":43,"column":5}},"21":{"start":{"line":42,"column":6},"end":{"line":42,"column":97}},"22":{"start":{"line":45,"column":4},"end":{"line":51,"column":7}},"23":{"start":{"line":46,"column":6},"end":{"line":48,"column":7}},"24":{"start":{"line":47,"column":8},"end":{"line":47,"column":96}},"25":{"start":{"line":50,"column":6},"end":{"line":50,"column":20}},"26":{"start":{"line":54,"column":0},"end":{"line":54,"column":31}}},"branchMap":{"1":{"line":15,"type":"cond-expr","locations":[{"start":{"line":15,"column":70},"end":{"line":15,"column":73}},{"start":{"line":15,"column":76},"end":{"line":15,"column":92}}]},"2":{"line":15,"type":"binary-expr","locations":[{"start":{"line":15,"column":46},"end":{"line":15,"column":49}},{"start":{"line":15,"column":53},"end":{"line":15,"column":67}}]},"3":{"line":21,"type":"if","locations":[{"start":{"line":21,"column":4},"end":{"line":21,"column":4}},{"start":{"line":21,"column":4},"end":{"line":21,"column":4}}]},"4":{"line":25,"type":"if","locations":[{"start":{"line":25,"column":4},"end":{"line":25,"column":4}},{"start":{"line":25,"column":4},"end":{"line":25,"column":4}}]},"5":{"line":29,"type":"if","locations":[{"start":{"line":29,"column":4},"end":{"line":29,"column":4}},{"start":{"line":29,"column":4},"end":{"line":29,"column":4}}]},"6":{"line":33,"type":"if","locations":[{"start":{"line":33,"column":4},"end":{"line":33,"column":4}},{"start":{"line":33,"column":4},"end":{"line":33,"column":4}}]},"7":{"line":41,"type":"if","locations":[{"start":{"line":41,"column":4},"end":{"line":41,"column":4}},{"start":{"line":41,"column":4},"end":{"line":41,"column":4}}]},"8":{"line":46,"type":"if","locations":[{"start":{"line":46,"column":6},"end":{"line":46,"column":6}},{"start":{"line":46,"column":6},"end":{"line":46,"column":6}}]}}},"C:\\Users\\Oluwaremi.REMI\\Desktop\\hackerbay-interview-backend-task\\dist\\controllers\\index.js":{"path":"C:\\Users\\Oluwaremi.REMI\\Desktop\\hackerbay-interview-backend-task\\dist\\controllers\\index.js","s":{"1":1,"2":1,"3":1,"4":1,"5":1,"6":1,"7":1},"b":{"1":[1,0],"2":[1,1]},"f":{"1":1},"fnMap":{"1":{"name":"_interopRequireDefault","line":11,"loc":{"start":{"line":11,"column":0},"end":{"line":11,"column":37}}}},"statementMap":{"1":{"start":{"line":3,"column":0},"end":{"line":5,"column":3}},"2":{"start":{"line":7,"column":0},"end":{"line":7,"column":50}},"3":{"start":{"line":9,"column":0},"end":{"line":9,"column":63}},"4":{"start":{"line":11,"column":0},"end":{"line":11,"column":95}},"5":{"start":{"line":11,"column":39},"end":{"line":11,"column":93}},"6":{"start":{"line":13,"column":0},"end":{"line":15,"column":2}},"7":{"start":{"line":17,"column":0},"end":{"line":17,"column":30}}},"branchMap":{"1":{"line":11,"type":"cond-expr","locations":[{"start":{"line":11,"column":70},"end":{"line":11,"column":73}},{"start":{"line":11,"column":76},"end":{"line":11,"column":92}}]},"2":{"line":11,"type":"binary-expr","locations":[{"start":{"line":11,"column":46},"end":{"line":11,"column":49}},{"start":{"line":11,"column":53},"end":{"line":11,"column":67}}]}}},"C:\\Users\\Oluwaremi.REMI\\Desktop\\hackerbay-interview-backend-task\\dist\\controllers\\userController.js":{"path":"C:\\Users\\Oluwaremi.REMI\\Desktop\\hackerbay-interview-backend-task\\dist\\controllers\\userController.js","s":{"1":1,"2":1,"3":1,"4":1,"5":1,"6":1,"7":1,"8":1,"9":1,"10":1,"11":4,"12":1,"13":1,"14":0,"15":0,"16":0,"17":0,"18":0,"19":0,"20":0,"21":0,"22":0,"23":1},"b":{"1":[0,4],"2":[4,4]},"f":{"1":4,"2":0,"3":0,"4":0,"5":0},"fnMap":{"1":{"name":"_interopRequireDefault","line":23,"loc":{"start":{"line":23,"column":0},"end":{"line":23,"column":37}}},"2":{"name":"login","line":28,"loc":{"start":{"line":28,"column":9},"end":{"line":28,"column":34}}},"3":{"name":"(anonymous_3)","line":29,"loc":{"start":{"line":29,"column":87},"end":{"line":29,"column":103}}},"4":{"name":"(anonymous_4)","line":34,"loc":{"start":{"line":34,"column":13},"end":{"line":34,"column":28}}},"5":{"name":"patchjson","line":38,"loc":{"start":{"line":38,"column":13},"end":{"line":38,"column":42}}}},"statementMap":{"1":{"start":{"line":3,"column":0},"end":{"line":5,"column":3}},"2":{"start":{"line":7,"column":0},"end":{"line":7,"column":44}},"3":{"start":{"line":9,"column":0},"end":{"line":9,"column":59}},"4":{"start":{"line":11,"column":0},"end":{"line":11,"column":32}},"5":{"start":{"line":13,"column":0},"end":{"line":13,"column":47}},"6":{"start":{"line":15,"column":0},"end":{"line":15,"column":32}},"7":{"start":{"line":17,"column":0},"end":{"line":17,"column":47}},"8":{"start":{"line":19,"column":0},"end":{"line":19,"column":48}},"9":{"start":{"line":21,"column":0},"end":{"line":21,"column":61}},"10":{"start":{"line":23,"column":0},"end":{"line":23,"column":95}},"11":{"start":{"line":23,"column":39},"end":{"line":23,"column":93}},"12":{"start":{"line":25,"column":0},"end":{"line":25,"column":26}},"13":{"start":{"line":27,"column":0},"end":{"line":44,"column":2}},"14":{"start":{"line":29,"column":4},"end":{"line":36,"column":7}},"15":{"start":{"line":30,"column":6},"end":{"line":30,"column":31}},"16":{"start":{"line":31,"column":6},"end":{"line":31,"column":158}},"17":{"start":{"line":32,"column":6},"end":{"line":32,"column":66}},"18":{"start":{"line":33,"column":6},"end":{"line":33,"column":36}},"19":{"start":{"line":35,"column":6},"end":{"line":35,"column":48}},"20":{"start":{"line":39,"column":4},"end":{"line":39,"column":26}},"21":{"start":{"line":40,"column":4},"end":{"line":40,"column":31}},"22":{"start":{"line":41,"column":4},"end":{"line":41,"column":53}},"23":{"start":{"line":45,"column":0},"end":{"line":45,"column":29}}},"branchMap":{"1":{"line":23,"type":"cond-expr","locations":[{"start":{"line":23,"column":70},"end":{"line":23,"column":73}},{"start":{"line":23,"column":76},"end":{"line":23,"column":92}}]},"2":{"line":23,"type":"binary-expr","locations":[{"start":{"line":23,"column":46},"end":{"line":23,"column":49}},{"start":{"line":23,"column":53},"end":{"line":23,"column":67}}]}}}}