TN:
SF:C:\Users\Oluwaremi.REMI\Desktop\hackerbay-interview-backend-task\dist\app.js
FN:27,_interopRequireDefault
FN:41,(anonymous_2)
FN:45,(anonymous_3)
FNF:3
FNH:1
FNDA:5,_interopRequireDefault
FNDA:0,(anonymous_2)
FNDA:0,(anonymous_3)
DA:3,1
DA:7,1
DA:9,1
DA:11,1
DA:13,1
DA:15,1
DA:17,1
DA:19,1
DA:21,1
DA:23,1
DA:25,1
DA:27,5
DA:29,1
DA:31,1
DA:32,1
DA:34,1
DA:36,1
DA:37,1
DA:38,1
DA:39,1
DA:41,1
DA:42,0
DA:45,1
DA:46,0
DA:49,1
DA:51,1
LF:26
LH:24
BRDA:27,1,0,1
BRDA:27,1,1,4
BRDA:27,2,0,5
BRDA:27,2,1,5
BRDA:31,3,0,1
BRDA:31,3,1,1
BRF:6
BRH:6
end_of_record
TN:
SF:C:\Users\Oluwaremi.REMI\Desktop\hackerbay-interview-backend-task\dist\routes\index.js
FN:15,_interopRequireDefault
FN:17,router
FNF:2
FNH:2
FNDA:2,_interopRequireDefault
FNDA:1,router
DA:3,1
DA:7,1
DA:9,1
DA:11,1
DA:13,1
DA:15,2
DA:17,1
DA:18,1
DA:19,1
DA:22,1
LF:10
LH:10
BRDA:15,1,0,2
BRDA:15,1,1,0
BRDA:15,2,0,2
BRDA:15,2,1,2
BRF:4
BRH:3
end_of_record
TN:
SF:C:\Users\Oluwaremi.REMI\Desktop\hackerbay-interview-backend-task\dist\middlewares\auth.js
FN:15,_interopRequireDefault
FN:20,loginAuth
FN:38,allowAccess
FN:45,(anonymous_4)
FNF:4
FNH:1
FNDA:2,_interopRequireDefault
FNDA:0,loginAuth
FNDA:0,allowAccess
FNDA:0,(anonymous_4)
DA:3,1
DA:7,1
DA:9,1
DA:11,1
DA:13,1
DA:15,2
DA:17,1
DA:19,1
DA:21,0
DA:22,0
DA:25,0
DA:26,0
DA:29,0
DA:30,0
DA:33,0
DA:34,0
DA:36,0
DA:39,0
DA:41,0
DA:42,0
DA:45,0
DA:46,0
DA:47,0
DA:50,0
DA:54,1
LF:25
LH:9
BRDA:15,1,0,0
BRDA:15,1,1,2
BRDA:15,2,0,2
BRDA:15,2,1,2
BRDA:21,3,0,0
BRDA:21,3,1,0
BRDA:25,4,0,0
BRDA:25,4,1,0
BRDA:29,5,0,0
BRDA:29,5,1,0
BRDA:33,6,0,0
BRDA:33,6,1,0
BRDA:41,7,0,0
BRDA:41,7,1,0
BRDA:46,8,0,0
BRDA:46,8,1,0
BRF:16
BRH:3
end_of_record
TN:
SF:C:\Users\Oluwaremi.REMI\Desktop\hackerbay-interview-backend-task\dist\controllers\index.js
FN:11,_interopRequireDefault
FNF:1
FNH:1
FNDA:1,_interopRequireDefault
DA:3,1
DA:7,1
DA:9,1
DA:11,1
DA:13,1
DA:17,1
LF:6
LH:6
BRDA:11,1,0,1
BRDA:11,1,1,0
BRDA:11,2,0,1
BRDA:11,2,1,1
BRF:4
BRH:3
end_of_record
TN:
SF:C:\Users\Oluwaremi.REMI\Desktop\hackerbay-interview-backend-task\dist\controllers\userController.js
FN:23,_interopRequireDefault
FN:28,login
FN:29,(anonymous_3)
FN:34,(anonymous_4)
FN:38,patchjson
FNF:5
FNH:1
FNDA:4,_interopRequireDefault
FNDA:0,login
FNDA:0,(anonymous_3)
FNDA:0,(anonymous_4)
FNDA:0,patchjson
DA:3,1
DA:7,1
DA:9,1
DA:11,1
DA:13,1
DA:15,1
DA:17,1
DA:19,1
DA:21,1
DA:23,4
DA:25,1
DA:27,1
DA:29,0
DA:30,0
DA:31,0
DA:32,0
DA:33,0
DA:35,0
DA:39,0
DA:40,0
DA:41,0
DA:45,1
LF:22
LH:13
BRDA:23,1,0,0
BRDA:23,1,1,4
BRDA:23,2,0,4
BRDA:23,2,1,4
BRF:4
BRH:3
end_of_record
